May 31, 2019 2:44:12 PM org.hibernate.jpa.boot.internal.PersistenceXmlParser doResolve
INFO: HHH000318: Could not find any META-INF/persistence.xml file in the classpath
May 31, 2019 2:44:12 PM lk.ijse.pos.controller.ManageCustomerFormController initialize
SEVERE: null
javax.persistence.PersistenceException: No Persistence provider for EntityManager named unit1
	at javax.persistence.Persistence.createEntityManagerFactory(Persistence.java:85)
	at lk.ijse.pos.db.EntityManagerUtil.getFactory(EntityManagerUtil.java:36)
	at lk.ijse.pos.db.EntityManagerUtil.getEntityManager(EntityManagerUtil.java:41)
	at lk.ijse.pos.business.custom.impl.CustomerBOImpl.getAllCustomers(CustomerBOImpl.java:33)
	at lk.ijse.pos.controller.ManageCustomerFormController.initialize(ManageCustomerFormController.java:77)
	at javafx.fxml.FXMLLoader.loadImpl(FXMLLoader.java:2548)
	at javafx.fxml.FXMLLoader.loadImpl(FXMLLoader.java:2441)
	at javafx.fxml.FXMLLoader.loadImpl(FXMLLoader.java:3214)
	at javafx.fxml.FXMLLoader.loadImpl(FXMLLoader.java:3175)
	at javafx.fxml.FXMLLoader.loadImpl(FXMLLoader.java:3148)
	at javafx.fxml.FXMLLoader.loadImpl(FXMLLoader.java:3124)
	at javafx.fxml.FXMLLoader.loadImpl(FXMLLoader.java:3104)
	at javafx.fxml.FXMLLoader.load(FXMLLoader.java:3097)
	at lk.ijse.pos.controller.MainFormController.navigate(MainFormController.java:123)
	at sun.reflect.NativeMethodAccessorImpl.invoke0(Native Method)
	at sun.reflect.NativeMethodAccessorImpl.invoke(NativeMethodAccessorImpl.java:62)
	at sun.reflect.DelegatingMethodAccessorImpl.invoke(DelegatingMethodAccessorImpl.java:43)
	at java.lang.reflect.Method.invoke(Method.java:498)
	at sun.reflect.misc.Trampoline.invoke(MethodUtil.java:71)
	at sun.reflect.GeneratedMethodAccessor1.invoke(Unknown Source)
	at sun.reflect.DelegatingMethodAccessorImpl.invoke(DelegatingMethodAccessorImpl.java:43)
	at java.lang.reflect.Method.invoke(Method.java:498)
	at sun.reflect.misc.MethodUtil.invoke(MethodUtil.java:275)
	at javafx.fxml.FXMLLoader$MethodHandler.invoke(FXMLLoader.java:1769)
	at javafx.fxml.FXMLLoader$ControllerMethodEventHandler.handle(FXMLLoader.java:1657)
	at com.sun.javafx.event.CompositeEventHandler.dispatchBubblingEvent(CompositeEventHandler.java:86)
	at com.sun.javafx.event.EventHandlerManager.dispatchBubblingEvent(EventHandlerManager.java:238)
	at com.sun.javafx.event.EventHandlerManager.dispatchBubblingEvent(EventHandlerManager.java:191)
	at com.sun.javafx.event.CompositeEventDispatcher.dispatchBubblingEvent(CompositeEventDispatcher.java:59)
	at com.sun.javafx.event.BasicEventDispatcher.dispatchEvent(BasicEventDispatcher.java:58)
	at com.sun.javafx.event.EventDispatchChainImpl.dispatchEvent(EventDispatchChainImpl.java:114)
	at com.sun.javafx.event.BasicEventDispatcher.dispatchEvent(BasicEventDispatcher.java:56)
	at com.sun.javafx.event.EventDispatchChainImpl.dispatchEvent(EventDispatchChainImpl.java:114)
	at com.sun.javafx.event.EventUtil.fireEventImpl(EventUtil.java:74)
	at com.sun.javafx.event.EventUtil.fireEvent(EventUtil.java:54)
	at javafx.event.Event.fireEvent(Event.java:198)
	at javafx.scene.Scene$ClickGenerator.postProcess(Scene.java:3470)
	at javafx.scene.Scene$ClickGenerator.access$8100(Scene.java:3398)
	at javafx.scene.Scene$MouseHandler.process(Scene.java:3766)
	at javafx.scene.Scene$MouseHandler.access$1500(Scene.java:3485)
	at javafx.scene.Scene.impl_processMouseEvent(Scene.java:1762)
	at javafx.scene.Scene$ScenePeerListener.mouseEvent(Scene.java:2494)
	at com.sun.javafx.tk.quantum.GlassViewEventHandler$MouseEventNotification.run(GlassViewEventHandler.java:394)
	at com.sun.javafx.tk.quantum.GlassViewEventHandler$MouseEventNotification.run(GlassViewEventHandler.java:295)
	at java.security.AccessController.doPrivileged(Native Method)
	at com.sun.javafx.tk.quantum.GlassViewEventHandler.lambda$handleMouseEvent$353(GlassViewEventHandler.java:432)
	at com.sun.javafx.tk.quantum.QuantumToolkit.runWithoutRenderLock(QuantumToolkit.java:389)
	at com.sun.javafx.tk.quantum.GlassViewEventHandler.handleMouseEvent(GlassViewEventHandler.java:431)
	at com.sun.glass.ui.View.handleMouseEvent(View.java:555)
	at com.sun.glass.ui.View.notifyMouse(View.java:937)
	at com.sun.glass.ui.win.WinApplication._runLoop(Native Method)
	at com.sun.glass.ui.win.WinApplication.lambda$null$147(WinApplication.java:177)
	at java.lang.Thread.run(Thread.java:748)

May 31, 2019 2:46:48 PM org.hibernate.jpa.internal.util.LogHelper logPersistenceUnitInformation
INFO: HHH000204: Processing PersistenceUnitInfo [name: unit1]
May 31, 2019 2:46:48 PM org.hibernate.Version logVersion
INFO: HHH000412: Hibernate Core {5.4.2.Final}
May 31, 2019 2:46:48 PM org.hibernate.annotations.common.reflection.java.JavaReflectionManager <clinit>
INFO: HCANN000001: Hibernate Commons Annotations {5.1.0.Final}
May 31, 2019 2:46:49 PM org.hibernate.engine.jdbc.connections.internal.DriverManagerConnectionProviderImpl configure
WARN: HHH10001002: Using Hibernate built-in connection pool (not for production use!)
May 31, 2019 2:46:49 PM org.hibernate.engine.jdbc.connections.internal.DriverManagerConnectionProviderImpl buildCreator
INFO: HHH10001005: using driver [com.mysql.jdbc.Driver] at URL [jdbc:mysql://localhost:3306/TestJPA]
May 31, 2019 2:46:49 PM org.hibernate.engine.jdbc.connections.internal.DriverManagerConnectionProviderImpl buildCreator
INFO: HHH10001001: Connection properties: {user=root, password=****}
May 31, 2019 2:46:49 PM org.hibernate.engine.jdbc.connections.internal.DriverManagerConnectionProviderImpl buildCreator
INFO: HHH10001003: Autocommit mode: false
May 31, 2019 2:46:49 PM org.hibernate.engine.jdbc.connections.internal.DriverManagerConnectionProviderImpl$PooledConnections <init>
INFO: HHH000115: Hibernate connection pool size: 20 (min=1)
May 31, 2019 2:46:49 PM org.hibernate.dialect.Dialect <init>
INFO: HHH000400: Using dialect: org.hibernate.dialect.MySQL57Dialect
May 31, 2019 2:46:50 PM org.hibernate.mapping.RootClass checkCompositeIdentifier
WARN: HHH000038: Composite-id class does not override equals(): lk.ijse.pos.entity.OrderDetailPK
May 31, 2019 2:46:50 PM org.hibernate.mapping.RootClass checkCompositeIdentifier
WARN: HHH000039: Composite-id class does not override hashCode(): lk.ijse.pos.entity.OrderDetailPK
May 31, 2019 2:46:51 PM org.hibernate.resource.transaction.backend.jdbc.internal.DdlTransactionIsolatorNonJtaImpl getIsolatedConnection
INFO: HHH10001501: Connection obtained from JdbcConnectionAccess [org.hibernate.engine.jdbc.env.internal.JdbcEnvironmentInitiator$ConnectionProviderJdbcConnectionAccess@23068d7a] for (non-JTA) DDL execution was not in auto-commit mode; the Connection 'local transaction' will be committed and the Connection will be set into auto-commit mode.
May 31, 2019 2:46:51 PM org.hibernate.engine.transaction.jta.platform.internal.JtaPlatformInitiator initiateService
INFO: HHH000490: Using JtaPlatform implementation: [org.hibernate.engine.transaction.jta.platform.internal.NoJtaPlatform]
Jun 02, 2019 6:11:05 PM org.hibernate.jpa.internal.util.LogHelper logPersistenceUnitInformation
INFO: HHH000204: Processing PersistenceUnitInfo [name: unit1]
Jun 02, 2019 6:11:05 PM org.hibernate.Version logVersion
INFO: HHH000412: Hibernate Core {5.4.2.Final}
Jun 02, 2019 6:11:05 PM org.hibernate.annotations.common.reflection.java.JavaReflectionManager <clinit>
INFO: HCANN000001: Hibernate Commons Annotations {5.1.0.Final}
Jun 02, 2019 6:11:06 PM org.hibernate.engine.jdbc.connections.internal.DriverManagerConnectionProviderImpl configure
WARN: HHH10001002: Using Hibernate built-in connection pool (not for production use!)
Jun 02, 2019 6:11:06 PM org.hibernate.engine.jdbc.connections.internal.DriverManagerConnectionProviderImpl buildCreator
INFO: HHH10001005: using driver [com.mysql.jdbc.Driver] at URL [jdbc:mysql://localhost:3306/JDBC]
Jun 02, 2019 6:11:06 PM org.hibernate.engine.jdbc.connections.internal.DriverManagerConnectionProviderImpl buildCreator
INFO: HHH10001001: Connection properties: {user=root, password=****}
Jun 02, 2019 6:11:06 PM org.hibernate.engine.jdbc.connections.internal.DriverManagerConnectionProviderImpl buildCreator
INFO: HHH10001003: Autocommit mode: false
Jun 02, 2019 6:11:06 PM org.hibernate.engine.jdbc.connections.internal.DriverManagerConnectionProviderImpl$PooledConnections <init>
INFO: HHH000115: Hibernate connection pool size: 20 (min=1)
Jun 02, 2019 6:11:07 PM org.hibernate.dialect.Dialect <init>
INFO: HHH000400: Using dialect: org.hibernate.dialect.MySQL57Dialect
Jun 02, 2019 6:11:07 PM org.hibernate.mapping.RootClass checkCompositeIdentifier
WARN: HHH000038: Composite-id class does not override equals(): lk.ijse.pos.entity.OrderDetailPK
Jun 02, 2019 6:11:07 PM org.hibernate.mapping.RootClass checkCompositeIdentifier
WARN: HHH000039: Composite-id class does not override hashCode(): lk.ijse.pos.entity.OrderDetailPK
Jun 02, 2019 6:11:08 PM org.hibernate.resource.transaction.backend.jdbc.internal.DdlTransactionIsolatorNonJtaImpl getIsolatedConnection
INFO: HHH10001501: Connection obtained from JdbcConnectionAccess [org.hibernate.engine.jdbc.env.internal.JdbcEnvironmentInitiator$ConnectionProviderJdbcConnectionAccess@674850ca] for (non-JTA) DDL execution was not in auto-commit mode; the Connection 'local transaction' will be committed and the Connection will be set into auto-commit mode.
Jun 02, 2019 6:11:08 PM org.hibernate.engine.transaction.jta.platform.internal.JtaPlatformInitiator initiateService
INFO: HHH000490: Using JtaPlatform implementation: [org.hibernate.engine.transaction.jta.platform.internal.NoJtaPlatform]
Jun 02, 2019 6:11:17 PM org.hibernate.jpa.internal.util.LogHelper logPersistenceUnitInformation
INFO: HHH000204: Processing PersistenceUnitInfo [name: unit1]
Jun 02, 2019 6:11:17 PM org.hibernate.engine.jdbc.connections.internal.DriverManagerConnectionProviderImpl configure
WARN: HHH10001002: Using Hibernate built-in connection pool (not for production use!)
Jun 02, 2019 6:11:17 PM org.hibernate.engine.jdbc.connections.internal.DriverManagerConnectionProviderImpl buildCreator
INFO: HHH10001005: using driver [com.mysql.jdbc.Driver] at URL [jdbc:mysql://localhost:3306/JDBC]
Jun 02, 2019 6:11:17 PM org.hibernate.engine.jdbc.connections.internal.DriverManagerConnectionProviderImpl buildCreator
INFO: HHH10001001: Connection properties: {user=root, password=****}
Jun 02, 2019 6:11:17 PM org.hibernate.engine.jdbc.connections.internal.DriverManagerConnectionProviderImpl buildCreator
INFO: HHH10001003: Autocommit mode: false
Jun 02, 2019 6:11:17 PM org.hibernate.engine.jdbc.connections.internal.DriverManagerConnectionProviderImpl$PooledConnections <init>
INFO: HHH000115: Hibernate connection pool size: 20 (min=1)
Jun 02, 2019 6:11:17 PM org.hibernate.dialect.Dialect <init>
INFO: HHH000400: Using dialect: org.hibernate.dialect.MySQL57Dialect
Jun 02, 2019 6:11:17 PM org.hibernate.mapping.RootClass checkCompositeIdentifier
WARN: HHH000038: Composite-id class does not override equals(): lk.ijse.pos.entity.OrderDetailPK
Jun 02, 2019 6:11:17 PM org.hibernate.mapping.RootClass checkCompositeIdentifier
WARN: HHH000039: Composite-id class does not override hashCode(): lk.ijse.pos.entity.OrderDetailPK
Jun 02, 2019 6:11:17 PM org.hibernate.resource.transaction.backend.jdbc.internal.DdlTransactionIsolatorNonJtaImpl getIsolatedConnection
INFO: HHH10001501: Connection obtained from JdbcConnectionAccess [org.hibernate.engine.jdbc.env.internal.JdbcEnvironmentInitiator$ConnectionProviderJdbcConnectionAccess@7dd7b765] for (non-JTA) DDL execution was not in auto-commit mode; the Connection 'local transaction' will be committed and the Connection will be set into auto-commit mode.
Jun 02, 2019 6:11:17 PM org.hibernate.engine.transaction.jta.platform.internal.JtaPlatformInitiator initiateService
INFO: HHH000490: Using JtaPlatform implementation: [org.hibernate.engine.transaction.jta.platform.internal.NoJtaPlatform]
Jun 02, 2019 6:11:30 PM org.hibernate.jpa.internal.util.LogHelper logPersistenceUnitInformation
INFO: HHH000204: Processing PersistenceUnitInfo [name: unit1]
Jun 02, 2019 6:11:30 PM org.hibernate.engine.jdbc.connections.internal.DriverManagerConnectionProviderImpl configure
WARN: HHH10001002: Using Hibernate built-in connection pool (not for production use!)
Jun 02, 2019 6:11:30 PM org.hibernate.engine.jdbc.connections.internal.DriverManagerConnectionProviderImpl buildCreator
INFO: HHH10001005: using driver [com.mysql.jdbc.Driver] at URL [jdbc:mysql://localhost:3306/JDBC]
Jun 02, 2019 6:11:30 PM org.hibernate.engine.jdbc.connections.internal.DriverManagerConnectionProviderImpl buildCreator
INFO: HHH10001001: Connection properties: {user=root, password=****}
Jun 02, 2019 6:11:30 PM org.hibernate.engine.jdbc.connections.internal.DriverManagerConnectionProviderImpl buildCreator
INFO: HHH10001003: Autocommit mode: false
Jun 02, 2019 6:11:30 PM org.hibernate.engine.jdbc.connections.internal.DriverManagerConnectionProviderImpl$PooledConnections <init>
INFO: HHH000115: Hibernate connection pool size: 20 (min=1)
Jun 02, 2019 6:11:30 PM org.hibernate.dialect.Dialect <init>
INFO: HHH000400: Using dialect: org.hibernate.dialect.MySQL57Dialect
Jun 02, 2019 6:11:30 PM org.hibernate.mapping.RootClass checkCompositeIdentifier
WARN: HHH000038: Composite-id class does not override equals(): lk.ijse.pos.entity.OrderDetailPK
Jun 02, 2019 6:11:30 PM org.hibernate.mapping.RootClass checkCompositeIdentifier
WARN: HHH000039: Composite-id class does not override hashCode(): lk.ijse.pos.entity.OrderDetailPK
Jun 02, 2019 6:11:30 PM org.hibernate.resource.transaction.backend.jdbc.internal.DdlTransactionIsolatorNonJtaImpl getIsolatedConnection
INFO: HHH10001501: Connection obtained from JdbcConnectionAccess [org.hibernate.engine.jdbc.env.internal.JdbcEnvironmentInitiator$ConnectionProviderJdbcConnectionAccess@3a8f8774] for (non-JTA) DDL execution was not in auto-commit mode; the Connection 'local transaction' will be committed and the Connection will be set into auto-commit mode.
Jun 02, 2019 6:11:30 PM org.hibernate.engine.transaction.jta.platform.internal.JtaPlatformInitiator initiateService
INFO: HHH000490: Using JtaPlatform implementation: [org.hibernate.engine.transaction.jta.platform.internal.NoJtaPlatform]
Jun 02, 2019 6:11:30 PM org.hibernate.jpa.internal.util.LogHelper logPersistenceUnitInformation
INFO: HHH000204: Processing PersistenceUnitInfo [name: unit1]
Jun 02, 2019 6:11:30 PM org.hibernate.engine.jdbc.connections.internal.DriverManagerConnectionProviderImpl configure
WARN: HHH10001002: Using Hibernate built-in connection pool (not for production use!)
Jun 02, 2019 6:11:30 PM org.hibernate.engine.jdbc.connections.internal.DriverManagerConnectionProviderImpl buildCreator
INFO: HHH10001005: using driver [com.mysql.jdbc.Driver] at URL [jdbc:mysql://localhost:3306/JDBC]
Jun 02, 2019 6:11:30 PM org.hibernate.engine.jdbc.connections.internal.DriverManagerConnectionProviderImpl buildCreator
INFO: HHH10001001: Connection properties: {user=root, password=****}
Jun 02, 2019 6:11:30 PM org.hibernate.engine.jdbc.connections.internal.DriverManagerConnectionProviderImpl buildCreator
INFO: HHH10001003: Autocommit mode: false
Jun 02, 2019 6:11:30 PM org.hibernate.engine.jdbc.connections.internal.DriverManagerConnectionProviderImpl$PooledConnections <init>
INFO: HHH000115: Hibernate connection pool size: 20 (min=1)
Jun 02, 2019 6:11:31 PM org.hibernate.dialect.Dialect <init>
INFO: HHH000400: Using dialect: org.hibernate.dialect.MySQL57Dialect
Jun 02, 2019 6:11:31 PM org.hibernate.mapping.RootClass checkCompositeIdentifier
WARN: HHH000038: Composite-id class does not override equals(): lk.ijse.pos.entity.OrderDetailPK
Jun 02, 2019 6:11:31 PM org.hibernate.mapping.RootClass checkCompositeIdentifier
WARN: HHH000039: Composite-id class does not override hashCode(): lk.ijse.pos.entity.OrderDetailPK
Jun 02, 2019 6:11:31 PM org.hibernate.resource.transaction.backend.jdbc.internal.DdlTransactionIsolatorNonJtaImpl getIsolatedConnection
INFO: HHH10001501: Connection obtained from JdbcConnectionAccess [org.hibernate.engine.jdbc.env.internal.JdbcEnvironmentInitiator$ConnectionProviderJdbcConnectionAccess@561cf6a4] for (non-JTA) DDL execution was not in auto-commit mode; the Connection 'local transaction' will be committed and the Connection will be set into auto-commit mode.
Jun 02, 2019 6:11:31 PM org.hibernate.engine.transaction.jta.platform.internal.JtaPlatformInitiator initiateService
INFO: HHH000490: Using JtaPlatform implementation: [org.hibernate.engine.transaction.jta.platform.internal.NoJtaPlatform]
Jun 02, 2019 6:11:31 PM org.hibernate.jpa.internal.util.LogHelper logPersistenceUnitInformation
INFO: HHH000204: Processing PersistenceUnitInfo [name: unit1]
Jun 02, 2019 6:11:31 PM org.hibernate.engine.jdbc.connections.internal.DriverManagerConnectionProviderImpl configure
WARN: HHH10001002: Using Hibernate built-in connection pool (not for production use!)
Jun 02, 2019 6:11:31 PM org.hibernate.engine.jdbc.connections.internal.DriverManagerConnectionProviderImpl buildCreator
INFO: HHH10001005: using driver [com.mysql.jdbc.Driver] at URL [jdbc:mysql://localhost:3306/JDBC]
Jun 02, 2019 6:11:31 PM org.hibernate.engine.jdbc.connections.internal.DriverManagerConnectionProviderImpl buildCreator
INFO: HHH10001001: Connection properties: {user=root, password=****}
Jun 02, 2019 6:11:31 PM org.hibernate.engine.jdbc.connections.internal.DriverManagerConnectionProviderImpl buildCreator
INFO: HHH10001003: Autocommit mode: false
Jun 02, 2019 6:11:31 PM org.hibernate.engine.jdbc.connections.internal.DriverManagerConnectionProviderImpl$PooledConnections <init>
INFO: HHH000115: Hibernate connection pool size: 20 (min=1)
Jun 02, 2019 6:11:31 PM org.hibernate.dialect.Dialect <init>
INFO: HHH000400: Using dialect: org.hibernate.dialect.MySQL57Dialect
Jun 02, 2019 6:11:31 PM org.hibernate.mapping.RootClass checkCompositeIdentifier
WARN: HHH000038: Composite-id class does not override equals(): lk.ijse.pos.entity.OrderDetailPK
Jun 02, 2019 6:11:31 PM org.hibernate.mapping.RootClass checkCompositeIdentifier
WARN: HHH000039: Composite-id class does not override hashCode(): lk.ijse.pos.entity.OrderDetailPK
Jun 02, 2019 6:11:31 PM org.hibernate.resource.transaction.backend.jdbc.internal.DdlTransactionIsolatorNonJtaImpl getIsolatedConnection
INFO: HHH10001501: Connection obtained from JdbcConnectionAccess [org.hibernate.engine.jdbc.env.internal.JdbcEnvironmentInitiator$ConnectionProviderJdbcConnectionAccess@297b5f2e] for (non-JTA) DDL execution was not in auto-commit mode; the Connection 'local transaction' will be committed and the Connection will be set into auto-commit mode.
Jun 02, 2019 6:11:31 PM org.hibernate.engine.transaction.jta.platform.internal.JtaPlatformInitiator initiateService
INFO: HHH000490: Using JtaPlatform implementation: [org.hibernate.engine.transaction.jta.platform.internal.NoJtaPlatform]
Jun 02, 2019 6:11:38 PM org.hibernate.jpa.internal.util.LogHelper logPersistenceUnitInformation
INFO: HHH000204: Processing PersistenceUnitInfo [name: unit1]
Jun 02, 2019 6:11:38 PM org.hibernate.engine.jdbc.connections.internal.DriverManagerConnectionProviderImpl configure
WARN: HHH10001002: Using Hibernate built-in connection pool (not for production use!)
Jun 02, 2019 6:11:38 PM org.hibernate.engine.jdbc.connections.internal.DriverManagerConnectionProviderImpl buildCreator
INFO: HHH10001005: using driver [com.mysql.jdbc.Driver] at URL [jdbc:mysql://localhost:3306/JDBC]
Jun 02, 2019 6:11:38 PM org.hibernate.engine.jdbc.connections.internal.DriverManagerConnectionProviderImpl buildCreator
INFO: HHH10001001: Connection properties: {user=root, password=****}
Jun 02, 2019 6:11:38 PM org.hibernate.engine.jdbc.connections.internal.DriverManagerConnectionProviderImpl buildCreator
INFO: HHH10001003: Autocommit mode: false
Jun 02, 2019 6:11:38 PM org.hibernate.engine.jdbc.connections.internal.DriverManagerConnectionProviderImpl$PooledConnections <init>
INFO: HHH000115: Hibernate connection pool size: 20 (min=1)
Jun 02, 2019 6:11:38 PM org.hibernate.dialect.Dialect <init>
INFO: HHH000400: Using dialect: org.hibernate.dialect.MySQL57Dialect
Jun 02, 2019 6:11:38 PM org.hibernate.mapping.RootClass checkCompositeIdentifier
WARN: HHH000038: Composite-id class does not override equals(): lk.ijse.pos.entity.OrderDetailPK
Jun 02, 2019 6:11:38 PM org.hibernate.mapping.RootClass checkCompositeIdentifier
WARN: HHH000039: Composite-id class does not override hashCode(): lk.ijse.pos.entity.OrderDetailPK
Jun 02, 2019 6:11:38 PM org.hibernate.resource.transaction.backend.jdbc.internal.DdlTransactionIsolatorNonJtaImpl getIsolatedConnection
INFO: HHH10001501: Connection obtained from JdbcConnectionAccess [org.hibernate.engine.jdbc.env.internal.JdbcEnvironmentInitiator$ConnectionProviderJdbcConnectionAccess@6529376a] for (non-JTA) DDL execution was not in auto-commit mode; the Connection 'local transaction' will be committed and the Connection will be set into auto-commit mode.
Jun 02, 2019 6:11:38 PM org.hibernate.engine.transaction.jta.platform.internal.JtaPlatformInitiator initiateService
INFO: HHH000490: Using JtaPlatform implementation: [org.hibernate.engine.transaction.jta.platform.internal.NoJtaPlatform]
Jun 02, 2019 6:13:05 PM org.hibernate.jpa.internal.util.LogHelper logPersistenceUnitInformation
INFO: HHH000204: Processing PersistenceUnitInfo [name: unit1]
Jun 02, 2019 6:13:05 PM org.hibernate.engine.jdbc.connections.internal.DriverManagerConnectionProviderImpl configure
WARN: HHH10001002: Using Hibernate built-in connection pool (not for production use!)
Jun 02, 2019 6:13:05 PM org.hibernate.engine.jdbc.connections.internal.DriverManagerConnectionProviderImpl buildCreator
INFO: HHH10001005: using driver [com.mysql.jdbc.Driver] at URL [jdbc:mysql://localhost:3306/JDBC]
Jun 02, 2019 6:13:05 PM org.hibernate.engine.jdbc.connections.internal.DriverManagerConnectionProviderImpl buildCreator
INFO: HHH10001001: Connection properties: {user=root, password=****}
Jun 02, 2019 6:13:05 PM org.hibernate.engine.jdbc.connections.internal.DriverManagerConnectionProviderImpl buildCreator
INFO: HHH10001003: Autocommit mode: false
Jun 02, 2019 6:13:05 PM org.hibernate.engine.jdbc.connections.internal.DriverManagerConnectionProviderImpl$PooledConnections <init>
INFO: HHH000115: Hibernate connection pool size: 20 (min=1)
Jun 02, 2019 6:13:05 PM org.hibernate.dialect.Dialect <init>
INFO: HHH000400: Using dialect: org.hibernate.dialect.MySQL57Dialect
Jun 02, 2019 6:13:05 PM org.hibernate.mapping.RootClass checkCompositeIdentifier
WARN: HHH000038: Composite-id class does not override equals(): lk.ijse.pos.entity.OrderDetailPK
Jun 02, 2019 6:13:05 PM org.hibernate.mapping.RootClass checkCompositeIdentifier
WARN: HHH000039: Composite-id class does not override hashCode(): lk.ijse.pos.entity.OrderDetailPK
Jun 02, 2019 6:13:05 PM org.hibernate.resource.transaction.backend.jdbc.internal.DdlTransactionIsolatorNonJtaImpl getIsolatedConnection
INFO: HHH10001501: Connection obtained from JdbcConnectionAccess [org.hibernate.engine.jdbc.env.internal.JdbcEnvironmentInitiator$ConnectionProviderJdbcConnectionAccess@254fd039] for (non-JTA) DDL execution was not in auto-commit mode; the Connection 'local transaction' will be committed and the Connection will be set into auto-commit mode.
Jun 02, 2019 6:13:05 PM org.hibernate.engine.transaction.jta.platform.internal.JtaPlatformInitiator initiateService
INFO: HHH000490: Using JtaPlatform implementation: [org.hibernate.engine.transaction.jta.platform.internal.NoJtaPlatform]
Jun 02, 2019 6:13:06 PM org.hibernate.jpa.internal.util.LogHelper logPersistenceUnitInformation
INFO: HHH000204: Processing PersistenceUnitInfo [name: unit1]
Jun 02, 2019 6:13:06 PM org.hibernate.engine.jdbc.connections.internal.DriverManagerConnectionProviderImpl configure
WARN: HHH10001002: Using Hibernate built-in connection pool (not for production use!)
Jun 02, 2019 6:13:06 PM org.hibernate.engine.jdbc.connections.internal.DriverManagerConnectionProviderImpl buildCreator
INFO: HHH10001005: using driver [com.mysql.jdbc.Driver] at URL [jdbc:mysql://localhost:3306/JDBC]
Jun 02, 2019 6:13:06 PM org.hibernate.engine.jdbc.connections.internal.DriverManagerConnectionProviderImpl buildCreator
INFO: HHH10001001: Connection properties: {user=root, password=****}
Jun 02, 2019 6:13:06 PM org.hibernate.engine.jdbc.connections.internal.DriverManagerConnectionProviderImpl buildCreator
INFO: HHH10001003: Autocommit mode: false
Jun 02, 2019 6:13:06 PM org.hibernate.engine.jdbc.connections.internal.DriverManagerConnectionProviderImpl$PooledConnections <init>
INFO: HHH000115: Hibernate connection pool size: 20 (min=1)
Jun 02, 2019 6:13:06 PM org.hibernate.dialect.Dialect <init>
INFO: HHH000400: Using dialect: org.hibernate.dialect.MySQL57Dialect
Jun 02, 2019 6:13:06 PM org.hibernate.mapping.RootClass checkCompositeIdentifier
WARN: HHH000038: Composite-id class does not override equals(): lk.ijse.pos.entity.OrderDetailPK
Jun 02, 2019 6:13:06 PM org.hibernate.mapping.RootClass checkCompositeIdentifier
WARN: HHH000039: Composite-id class does not override hashCode(): lk.ijse.pos.entity.OrderDetailPK
Jun 02, 2019 6:13:06 PM org.hibernate.resource.transaction.backend.jdbc.internal.DdlTransactionIsolatorNonJtaImpl getIsolatedConnection
INFO: HHH10001501: Connection obtained from JdbcConnectionAccess [org.hibernate.engine.jdbc.env.internal.JdbcEnvironmentInitiator$ConnectionProviderJdbcConnectionAccess@4a81341a] for (non-JTA) DDL execution was not in auto-commit mode; the Connection 'local transaction' will be committed and the Connection will be set into auto-commit mode.
Jun 02, 2019 6:13:06 PM org.hibernate.engine.transaction.jta.platform.internal.JtaPlatformInitiator initiateService
INFO: HHH000490: Using JtaPlatform implementation: [org.hibernate.engine.transaction.jta.platform.internal.NoJtaPlatform]
Jun 02, 2019 6:13:06 PM org.hibernate.jpa.internal.util.LogHelper logPersistenceUnitInformation
INFO: HHH000204: Processing PersistenceUnitInfo [name: unit1]
Jun 02, 2019 6:13:06 PM org.hibernate.engine.jdbc.connections.internal.DriverManagerConnectionProviderImpl configure
WARN: HHH10001002: Using Hibernate built-in connection pool (not for production use!)
Jun 02, 2019 6:13:06 PM org.hibernate.engine.jdbc.connections.internal.DriverManagerConnectionProviderImpl buildCreator
INFO: HHH10001005: using driver [com.mysql.jdbc.Driver] at URL [jdbc:mysql://localhost:3306/JDBC]
Jun 02, 2019 6:13:06 PM org.hibernate.engine.jdbc.connections.internal.DriverManagerConnectionProviderImpl buildCreator
INFO: HHH10001001: Connection properties: {user=root, password=****}
Jun 02, 2019 6:13:06 PM org.hibernate.engine.jdbc.connections.internal.DriverManagerConnectionProviderImpl buildCreator
INFO: HHH10001003: Autocommit mode: false
Jun 02, 2019 6:13:06 PM org.hibernate.engine.jdbc.connections.internal.DriverManagerConnectionProviderImpl$PooledConnections <init>
INFO: HHH000115: Hibernate connection pool size: 20 (min=1)
Jun 02, 2019 6:13:06 PM org.hibernate.dialect.Dialect <init>
INFO: HHH000400: Using dialect: org.hibernate.dialect.MySQL57Dialect
Jun 02, 2019 6:13:06 PM org.hibernate.mapping.RootClass checkCompositeIdentifier
WARN: HHH000038: Composite-id class does not override equals(): lk.ijse.pos.entity.OrderDetailPK
Jun 02, 2019 6:13:06 PM org.hibernate.mapping.RootClass checkCompositeIdentifier
WARN: HHH000039: Composite-id class does not override hashCode(): lk.ijse.pos.entity.OrderDetailPK
Jun 02, 2019 6:13:06 PM org.hibernate.resource.transaction.backend.jdbc.internal.DdlTransactionIsolatorNonJtaImpl getIsolatedConnection
INFO: HHH10001501: Connection obtained from JdbcConnectionAccess [org.hibernate.engine.jdbc.env.internal.JdbcEnvironmentInitiator$ConnectionProviderJdbcConnectionAccess@73643382] for (non-JTA) DDL execution was not in auto-commit mode; the Connection 'local transaction' will be committed and the Connection will be set into auto-commit mode.
Jun 02, 2019 6:13:06 PM org.hibernate.engine.transaction.jta.platform.internal.JtaPlatformInitiator initiateService
INFO: HHH000490: Using JtaPlatform implementation: [org.hibernate.engine.transaction.jta.platform.internal.NoJtaPlatform]
Jun 02, 2019 6:13:06 PM org.hibernate.jpa.internal.util.LogHelper logPersistenceUnitInformation
INFO: HHH000204: Processing PersistenceUnitInfo [name: unit1]
Jun 02, 2019 6:13:06 PM org.hibernate.engine.jdbc.connections.internal.DriverManagerConnectionProviderImpl configure
WARN: HHH10001002: Using Hibernate built-in connection pool (not for production use!)
Jun 02, 2019 6:13:06 PM org.hibernate.engine.jdbc.connections.internal.DriverManagerConnectionProviderImpl buildCreator
INFO: HHH10001005: using driver [com.mysql.jdbc.Driver] at URL [jdbc:mysql://localhost:3306/JDBC]
Jun 02, 2019 6:13:06 PM org.hibernate.engine.jdbc.connections.internal.DriverManagerConnectionProviderImpl buildCreator
INFO: HHH10001001: Connection properties: {user=root, password=****}
Jun 02, 2019 6:13:06 PM org.hibernate.engine.jdbc.connections.internal.DriverManagerConnectionProviderImpl buildCreator
INFO: HHH10001003: Autocommit mode: false
Jun 02, 2019 6:13:06 PM org.hibernate.engine.jdbc.connections.internal.DriverManagerConnectionProviderImpl$PooledConnections <init>
INFO: HHH000115: Hibernate connection pool size: 20 (min=1)
Jun 02, 2019 6:13:06 PM org.hibernate.dialect.Dialect <init>
INFO: HHH000400: Using dialect: org.hibernate.dialect.MySQL57Dialect
Jun 02, 2019 6:13:06 PM org.hibernate.mapping.RootClass checkCompositeIdentifier
WARN: HHH000038: Composite-id class does not override equals(): lk.ijse.pos.entity.OrderDetailPK
Jun 02, 2019 6:13:06 PM org.hibernate.mapping.RootClass checkCompositeIdentifier
WARN: HHH000039: Composite-id class does not override hashCode(): lk.ijse.pos.entity.OrderDetailPK
Jun 02, 2019 6:13:06 PM org.hibernate.resource.transaction.backend.jdbc.internal.DdlTransactionIsolatorNonJtaImpl getIsolatedConnection
INFO: HHH10001501: Connection obtained from JdbcConnectionAccess [org.hibernate.engine.jdbc.env.internal.JdbcEnvironmentInitiator$ConnectionProviderJdbcConnectionAccess@41a669c5] for (non-JTA) DDL execution was not in auto-commit mode; the Connection 'local transaction' will be committed and the Connection will be set into auto-commit mode.
Jun 02, 2019 6:13:06 PM org.hibernate.engine.transaction.jta.platform.internal.JtaPlatformInitiator initiateService
INFO: HHH000490: Using JtaPlatform implementation: [org.hibernate.engine.transaction.jta.platform.internal.NoJtaPlatform]
Jun 02, 2019 6:45:29 PM org.hibernate.jpa.internal.util.LogHelper logPersistenceUnitInformation
INFO: HHH000204: Processing PersistenceUnitInfo [name: unit1]
Jun 02, 2019 6:45:30 PM org.hibernate.Version logVersion
INFO: HHH000412: Hibernate Core {5.4.2.Final}
Jun 02, 2019 6:45:30 PM org.hibernate.annotations.common.reflection.java.JavaReflectionManager <clinit>
INFO: HCANN000001: Hibernate Commons Annotations {5.1.0.Final}
Jun 02, 2019 6:45:31 PM org.hibernate.engine.jdbc.connections.internal.DriverManagerConnectionProviderImpl configure
WARN: HHH10001002: Using Hibernate built-in connection pool (not for production use!)
Jun 02, 2019 6:45:31 PM org.hibernate.engine.jdbc.connections.internal.DriverManagerConnectionProviderImpl buildCreator
INFO: HHH10001005: using driver [com.mysql.jdbc.Driver] at URL [jdbc:mysql://localhost:3306/JDBC]
Jun 02, 2019 6:45:31 PM org.hibernate.engine.jdbc.connections.internal.DriverManagerConnectionProviderImpl buildCreator
INFO: HHH10001001: Connection properties: {user=root, password=****}
Jun 02, 2019 6:45:31 PM org.hibernate.engine.jdbc.connections.internal.DriverManagerConnectionProviderImpl buildCreator
INFO: HHH10001003: Autocommit mode: false
Jun 02, 2019 6:45:31 PM org.hibernate.engine.jdbc.connections.internal.DriverManagerConnectionProviderImpl$PooledConnections <init>
INFO: HHH000115: Hibernate connection pool size: 20 (min=1)
Jun 02, 2019 6:45:31 PM org.hibernate.dialect.Dialect <init>
INFO: HHH000400: Using dialect: org.hibernate.dialect.MySQL57Dialect
Jun 02, 2019 6:45:32 PM org.hibernate.mapping.RootClass checkCompositeIdentifier
WARN: HHH000038: Composite-id class does not override equals(): lk.ijse.pos.entity.OrderDetailPK
Jun 02, 2019 6:45:32 PM org.hibernate.mapping.RootClass checkCompositeIdentifier
WARN: HHH000039: Composite-id class does not override hashCode(): lk.ijse.pos.entity.OrderDetailPK
Jun 02, 2019 6:45:33 PM org.hibernate.resource.transaction.backend.jdbc.internal.DdlTransactionIsolatorNonJtaImpl getIsolatedConnection
INFO: HHH10001501: Connection obtained from JdbcConnectionAccess [org.hibernate.engine.jdbc.env.internal.JdbcEnvironmentInitiator$ConnectionProviderJdbcConnectionAccess@16215bb5] for (non-JTA) DDL execution was not in auto-commit mode; the Connection 'local transaction' will be committed and the Connection will be set into auto-commit mode.
Jun 02, 2019 6:45:33 PM org.hibernate.engine.transaction.jta.platform.internal.JtaPlatformInitiator initiateService
INFO: HHH000490: Using JtaPlatform implementation: [org.hibernate.engine.transaction.jta.platform.internal.NoJtaPlatform]
Jun 02, 2019 6:45:33 PM lk.ijse.pos.controller.ManageItemFormController initialize
SEVERE: null
java.lang.NullPointerException
	at lk.ijse.pos.business.custom.impl.ItemBOImpl.getAllItems(ItemBOImpl.java:22)
	at lk.ijse.pos.controller.ManageItemFormController.initialize(ManageItemFormController.java:77)
	at javafx.fxml.FXMLLoader.loadImpl(FXMLLoader.java:2548)
	at javafx.fxml.FXMLLoader.loadImpl(FXMLLoader.java:2441)
	at javafx.fxml.FXMLLoader.loadImpl(FXMLLoader.java:3214)
	at javafx.fxml.FXMLLoader.loadImpl(FXMLLoader.java:3175)
	at javafx.fxml.FXMLLoader.loadImpl(FXMLLoader.java:3148)
	at javafx.fxml.FXMLLoader.loadImpl(FXMLLoader.java:3124)
	at javafx.fxml.FXMLLoader.loadImpl(FXMLLoader.java:3104)
	at javafx.fxml.FXMLLoader.load(FXMLLoader.java:3097)
	at lk.ijse.pos.controller.MainFormController.navigate(MainFormController.java:126)
	at sun.reflect.NativeMethodAccessorImpl.invoke0(Native Method)
	at sun.reflect.NativeMethodAccessorImpl.invoke(NativeMethodAccessorImpl.java:62)
	at sun.reflect.DelegatingMethodAccessorImpl.invoke(DelegatingMethodAccessorImpl.java:43)
	at java.lang.reflect.Method.invoke(Method.java:498)
	at sun.reflect.misc.Trampoline.invoke(MethodUtil.java:71)
	at sun.reflect.GeneratedMethodAccessor1.invoke(Unknown Source)
	at sun.reflect.DelegatingMethodAccessorImpl.invoke(DelegatingMethodAccessorImpl.java:43)
	at java.lang.reflect.Method.invoke(Method.java:498)
	at sun.reflect.misc.MethodUtil.invoke(MethodUtil.java:275)
	at javafx.fxml.FXMLLoader$MethodHandler.invoke(FXMLLoader.java:1769)
	at javafx.fxml.FXMLLoader$ControllerMethodEventHandler.handle(FXMLLoader.java:1657)
	at com.sun.javafx.event.CompositeEventHandler.dispatchBubblingEvent(CompositeEventHandler.java:86)
	at com.sun.javafx.event.EventHandlerManager.dispatchBubblingEvent(EventHandlerManager.java:238)
	at com.sun.javafx.event.EventHandlerManager.dispatchBubblingEvent(EventHandlerManager.java:191)
	at com.sun.javafx.event.CompositeEventDispatcher.dispatchBubblingEvent(CompositeEventDispatcher.java:59)
	at com.sun.javafx.event.BasicEventDispatcher.dispatchEvent(BasicEventDispatcher.java:58)
	at com.sun.javafx.event.EventDispatchChainImpl.dispatchEvent(EventDispatchChainImpl.java:114)
	at com.sun.javafx.event.BasicEventDispatcher.dispatchEvent(BasicEventDispatcher.java:56)
	at com.sun.javafx.event.EventDispatchChainImpl.dispatchEvent(EventDispatchChainImpl.java:114)
	at com.sun.javafx.event.EventUtil.fireEventImpl(EventUtil.java:74)
	at com.sun.javafx.event.EventUtil.fireEvent(EventUtil.java:54)
	at javafx.event.Event.fireEvent(Event.java:198)
	at javafx.scene.Scene$ClickGenerator.postProcess(Scene.java:3470)
	at javafx.scene.Scene$ClickGenerator.access$8100(Scene.java:3398)
	at javafx.scene.Scene$MouseHandler.process(Scene.java:3766)
	at javafx.scene.Scene$MouseHandler.access$1500(Scene.java:3485)
	at javafx.scene.Scene.impl_processMouseEvent(Scene.java:1762)
	at javafx.scene.Scene$ScenePeerListener.mouseEvent(Scene.java:2494)
	at com.sun.javafx.tk.quantum.GlassViewEventHandler$MouseEventNotification.run(GlassViewEventHandler.java:394)
	at com.sun.javafx.tk.quantum.GlassViewEventHandler$MouseEventNotification.run(GlassViewEventHandler.java:295)
	at java.security.AccessController.doPrivileged(Native Method)
	at com.sun.javafx.tk.quantum.GlassViewEventHandler.lambda$handleMouseEvent$353(GlassViewEventHandler.java:432)
	at com.sun.javafx.tk.quantum.QuantumToolkit.runWithoutRenderLock(QuantumToolkit.java:389)
	at com.sun.javafx.tk.quantum.GlassViewEventHandler.handleMouseEvent(GlassViewEventHandler.java:431)
	at com.sun.glass.ui.View.handleMouseEvent(View.java:555)
	at com.sun.glass.ui.View.notifyMouse(View.java:937)
	at com.sun.glass.ui.win.WinApplication._runLoop(Native Method)
	at com.sun.glass.ui.win.WinApplication.lambda$null$147(WinApplication.java:177)
	at java.lang.Thread.run(Thread.java:748)

Jun 02, 2019 7:22:34 PM org.hibernate.jpa.internal.util.LogHelper logPersistenceUnitInformation
INFO: HHH000204: Processing PersistenceUnitInfo [name: unit1]
Jun 02, 2019 7:22:34 PM org.hibernate.Version logVersion
INFO: HHH000412: Hibernate Core {5.4.2.Final}
Jun 02, 2019 7:22:35 PM org.hibernate.annotations.common.reflection.java.JavaReflectionManager <clinit>
INFO: HCANN000001: Hibernate Commons Annotations {5.1.0.Final}
Jun 02, 2019 7:22:35 PM org.hibernate.engine.jdbc.connections.internal.DriverManagerConnectionProviderImpl configure
WARN: HHH10001002: Using Hibernate built-in connection pool (not for production use!)
Jun 02, 2019 7:22:35 PM org.hibernate.engine.jdbc.connections.internal.DriverManagerConnectionProviderImpl buildCreator
INFO: HHH10001005: using driver [com.mysql.jdbc.Driver] at URL [jdbc:mysql://localhost:3306/JDBC]
Jun 02, 2019 7:22:35 PM org.hibernate.engine.jdbc.connections.internal.DriverManagerConnectionProviderImpl buildCreator
INFO: HHH10001001: Connection properties: {user=root, password=****}
Jun 02, 2019 7:22:35 PM org.hibernate.engine.jdbc.connections.internal.DriverManagerConnectionProviderImpl buildCreator
INFO: HHH10001003: Autocommit mode: false
Jun 02, 2019 7:22:35 PM org.hibernate.engine.jdbc.connections.internal.DriverManagerConnectionProviderImpl$PooledConnections <init>
INFO: HHH000115: Hibernate connection pool size: 20 (min=1)
Jun 02, 2019 7:22:36 PM org.hibernate.dialect.Dialect <init>
INFO: HHH000400: Using dialect: org.hibernate.dialect.MySQL57Dialect
Jun 02, 2019 7:22:36 PM org.hibernate.mapping.RootClass checkCompositeIdentifier
WARN: HHH000038: Composite-id class does not override equals(): lk.ijse.pos.entity.OrderDetailPK
Jun 02, 2019 7:22:36 PM org.hibernate.mapping.RootClass checkCompositeIdentifier
WARN: HHH000039: Composite-id class does not override hashCode(): lk.ijse.pos.entity.OrderDetailPK
Jun 02, 2019 7:22:37 PM org.hibernate.resource.transaction.backend.jdbc.internal.DdlTransactionIsolatorNonJtaImpl getIsolatedConnection
INFO: HHH10001501: Connection obtained from JdbcConnectionAccess [org.hibernate.engine.jdbc.env.internal.JdbcEnvironmentInitiator$ConnectionProviderJdbcConnectionAccess@134bbd63] for (non-JTA) DDL execution was not in auto-commit mode; the Connection 'local transaction' will be committed and the Connection will be set into auto-commit mode.
Jun 02, 2019 7:22:37 PM org.hibernate.engine.transaction.jta.platform.internal.JtaPlatformInitiator initiateService
INFO: HHH000490: Using JtaPlatform implementation: [org.hibernate.engine.transaction.jta.platform.internal.NoJtaPlatform]
Jun 02, 2019 7:22:42 PM org.hibernate.jpa.internal.util.LogHelper logPersistenceUnitInformation
INFO: HHH000204: Processing PersistenceUnitInfo [name: unit1]
Jun 02, 2019 7:22:42 PM org.hibernate.engine.jdbc.connections.internal.DriverManagerConnectionProviderImpl configure
WARN: HHH10001002: Using Hibernate built-in connection pool (not for production use!)
Jun 02, 2019 7:22:42 PM org.hibernate.engine.jdbc.connections.internal.DriverManagerConnectionProviderImpl buildCreator
INFO: HHH10001005: using driver [com.mysql.jdbc.Driver] at URL [jdbc:mysql://localhost:3306/JDBC]
Jun 02, 2019 7:22:42 PM org.hibernate.engine.jdbc.connections.internal.DriverManagerConnectionProviderImpl buildCreator
INFO: HHH10001001: Connection properties: {user=root, password=****}
Jun 02, 2019 7:22:42 PM org.hibernate.engine.jdbc.connections.internal.DriverManagerConnectionProviderImpl buildCreator
INFO: HHH10001003: Autocommit mode: false
Jun 02, 2019 7:22:42 PM org.hibernate.engine.jdbc.connections.internal.DriverManagerConnectionProviderImpl$PooledConnections <init>
INFO: HHH000115: Hibernate connection pool size: 20 (min=1)
Jun 02, 2019 7:22:42 PM org.hibernate.dialect.Dialect <init>
INFO: HHH000400: Using dialect: org.hibernate.dialect.MySQL57Dialect
Jun 02, 2019 7:22:42 PM org.hibernate.mapping.RootClass checkCompositeIdentifier
WARN: HHH000038: Composite-id class does not override equals(): lk.ijse.pos.entity.OrderDetailPK
Jun 02, 2019 7:22:42 PM org.hibernate.mapping.RootClass checkCompositeIdentifier
WARN: HHH000039: Composite-id class does not override hashCode(): lk.ijse.pos.entity.OrderDetailPK
Jun 02, 2019 7:22:42 PM org.hibernate.resource.transaction.backend.jdbc.internal.DdlTransactionIsolatorNonJtaImpl getIsolatedConnection
INFO: HHH10001501: Connection obtained from JdbcConnectionAccess [org.hibernate.engine.jdbc.env.internal.JdbcEnvironmentInitiator$ConnectionProviderJdbcConnectionAccess@40ec732] for (non-JTA) DDL execution was not in auto-commit mode; the Connection 'local transaction' will be committed and the Connection will be set into auto-commit mode.
Jun 02, 2019 7:22:42 PM org.hibernate.engine.transaction.jta.platform.internal.JtaPlatformInitiator initiateService
INFO: HHH000490: Using JtaPlatform implementation: [org.hibernate.engine.transaction.jta.platform.internal.NoJtaPlatform]
Jun 02, 2019 7:22:42 PM org.hibernate.jpa.internal.util.LogHelper logPersistenceUnitInformation
INFO: HHH000204: Processing PersistenceUnitInfo [name: unit1]
Jun 02, 2019 7:22:42 PM org.hibernate.engine.jdbc.connections.internal.DriverManagerConnectionProviderImpl configure
WARN: HHH10001002: Using Hibernate built-in connection pool (not for production use!)
Jun 02, 2019 7:22:42 PM org.hibernate.engine.jdbc.connections.internal.DriverManagerConnectionProviderImpl buildCreator
INFO: HHH10001005: using driver [com.mysql.jdbc.Driver] at URL [jdbc:mysql://localhost:3306/JDBC]
Jun 02, 2019 7:22:42 PM org.hibernate.engine.jdbc.connections.internal.DriverManagerConnectionProviderImpl buildCreator
INFO: HHH10001001: Connection properties: {user=root, password=****}
Jun 02, 2019 7:22:42 PM org.hibernate.engine.jdbc.connections.internal.DriverManagerConnectionProviderImpl buildCreator
INFO: HHH10001003: Autocommit mode: false
Jun 02, 2019 7:22:42 PM org.hibernate.engine.jdbc.connections.internal.DriverManagerConnectionProviderImpl$PooledConnections <init>
INFO: HHH000115: Hibernate connection pool size: 20 (min=1)
Jun 02, 2019 7:22:43 PM org.hibernate.dialect.Dialect <init>
INFO: HHH000400: Using dialect: org.hibernate.dialect.MySQL57Dialect
Jun 02, 2019 7:22:43 PM org.hibernate.mapping.RootClass checkCompositeIdentifier
WARN: HHH000038: Composite-id class does not override equals(): lk.ijse.pos.entity.OrderDetailPK
Jun 02, 2019 7:22:43 PM org.hibernate.mapping.RootClass checkCompositeIdentifier
WARN: HHH000039: Composite-id class does not override hashCode(): lk.ijse.pos.entity.OrderDetailPK
Jun 02, 2019 7:22:43 PM org.hibernate.resource.transaction.backend.jdbc.internal.DdlTransactionIsolatorNonJtaImpl getIsolatedConnection
INFO: HHH10001501: Connection obtained from JdbcConnectionAccess [org.hibernate.engine.jdbc.env.internal.JdbcEnvironmentInitiator$ConnectionProviderJdbcConnectionAccess@5b806939] for (non-JTA) DDL execution was not in auto-commit mode; the Connection 'local transaction' will be committed and the Connection will be set into auto-commit mode.
Jun 02, 2019 7:22:43 PM org.hibernate.engine.transaction.jta.platform.internal.JtaPlatformInitiator initiateService
INFO: HHH000490: Using JtaPlatform implementation: [org.hibernate.engine.transaction.jta.platform.internal.NoJtaPlatform]
Jun 02, 2019 7:22:43 PM org.hibernate.jpa.internal.util.LogHelper logPersistenceUnitInformation
INFO: HHH000204: Processing PersistenceUnitInfo [name: unit1]
Jun 02, 2019 7:22:43 PM org.hibernate.engine.jdbc.connections.internal.DriverManagerConnectionProviderImpl configure
WARN: HHH10001002: Using Hibernate built-in connection pool (not for production use!)
Jun 02, 2019 7:22:43 PM org.hibernate.engine.jdbc.connections.internal.DriverManagerConnectionProviderImpl buildCreator
INFO: HHH10001005: using driver [com.mysql.jdbc.Driver] at URL [jdbc:mysql://localhost:3306/JDBC]
Jun 02, 2019 7:22:43 PM org.hibernate.engine.jdbc.connections.internal.DriverManagerConnectionProviderImpl buildCreator
INFO: HHH10001001: Connection properties: {user=root, password=****}
Jun 02, 2019 7:22:43 PM org.hibernate.engine.jdbc.connections.internal.DriverManagerConnectionProviderImpl buildCreator
INFO: HHH10001003: Autocommit mode: false
Jun 02, 2019 7:22:43 PM org.hibernate.engine.jdbc.connections.internal.DriverManagerConnectionProviderImpl$PooledConnections <init>
INFO: HHH000115: Hibernate connection pool size: 20 (min=1)
Jun 02, 2019 7:22:43 PM org.hibernate.dialect.Dialect <init>
INFO: HHH000400: Using dialect: org.hibernate.dialect.MySQL57Dialect
Jun 02, 2019 7:22:43 PM org.hibernate.mapping.RootClass checkCompositeIdentifier
WARN: HHH000038: Composite-id class does not override equals(): lk.ijse.pos.entity.OrderDetailPK
Jun 02, 2019 7:22:43 PM org.hibernate.mapping.RootClass checkCompositeIdentifier
WARN: HHH000039: Composite-id class does not override hashCode(): lk.ijse.pos.entity.OrderDetailPK
Jun 02, 2019 7:22:43 PM org.hibernate.resource.transaction.backend.jdbc.internal.DdlTransactionIsolatorNonJtaImpl getIsolatedConnection
INFO: HHH10001501: Connection obtained from JdbcConnectionAccess [org.hibernate.engine.jdbc.env.internal.JdbcEnvironmentInitiator$ConnectionProviderJdbcConnectionAccess@6ec8d821] for (non-JTA) DDL execution was not in auto-commit mode; the Connection 'local transaction' will be committed and the Connection will be set into auto-commit mode.
Jun 02, 2019 7:22:43 PM org.hibernate.engine.transaction.jta.platform.internal.JtaPlatformInitiator initiateService
INFO: HHH000490: Using JtaPlatform implementation: [org.hibernate.engine.transaction.jta.platform.internal.NoJtaPlatform]
Jun 02, 2019 7:22:50 PM org.hibernate.jpa.internal.util.LogHelper logPersistenceUnitInformation
INFO: HHH000204: Processing PersistenceUnitInfo [name: unit1]
Jun 02, 2019 7:22:50 PM org.hibernate.engine.jdbc.connections.internal.DriverManagerConnectionProviderImpl configure
WARN: HHH10001002: Using Hibernate built-in connection pool (not for production use!)
Jun 02, 2019 7:22:50 PM org.hibernate.engine.jdbc.connections.internal.DriverManagerConnectionProviderImpl buildCreator
INFO: HHH10001005: using driver [com.mysql.jdbc.Driver] at URL [jdbc:mysql://localhost:3306/JDBC]
Jun 02, 2019 7:22:50 PM org.hibernate.engine.jdbc.connections.internal.DriverManagerConnectionProviderImpl buildCreator
INFO: HHH10001001: Connection properties: {user=root, password=****}
Jun 02, 2019 7:22:50 PM org.hibernate.engine.jdbc.connections.internal.DriverManagerConnectionProviderImpl buildCreator
INFO: HHH10001003: Autocommit mode: false
Jun 02, 2019 7:22:50 PM org.hibernate.engine.jdbc.connections.internal.DriverManagerConnectionProviderImpl$PooledConnections <init>
INFO: HHH000115: Hibernate connection pool size: 20 (min=1)
Jun 02, 2019 7:22:50 PM org.hibernate.dialect.Dialect <init>
INFO: HHH000400: Using dialect: org.hibernate.dialect.MySQL57Dialect
Jun 02, 2019 7:22:50 PM org.hibernate.mapping.RootClass checkCompositeIdentifier
WARN: HHH000038: Composite-id class does not override equals(): lk.ijse.pos.entity.OrderDetailPK
Jun 02, 2019 7:22:50 PM org.hibernate.mapping.RootClass checkCompositeIdentifier
WARN: HHH000039: Composite-id class does not override hashCode(): lk.ijse.pos.entity.OrderDetailPK
Jun 02, 2019 7:22:50 PM org.hibernate.resource.transaction.backend.jdbc.internal.DdlTransactionIsolatorNonJtaImpl getIsolatedConnection
INFO: HHH10001501: Connection obtained from JdbcConnectionAccess [org.hibernate.engine.jdbc.env.internal.JdbcEnvironmentInitiator$ConnectionProviderJdbcConnectionAccess@151c9702] for (non-JTA) DDL execution was not in auto-commit mode; the Connection 'local transaction' will be committed and the Connection will be set into auto-commit mode.
Jun 02, 2019 7:22:50 PM org.hibernate.engine.transaction.jta.platform.internal.JtaPlatformInitiator initiateService
INFO: HHH000490: Using JtaPlatform implementation: [org.hibernate.engine.transaction.jta.platform.internal.NoJtaPlatform]
Jun 02, 2019 7:23:09 PM org.hibernate.jpa.internal.util.LogHelper logPersistenceUnitInformation
INFO: HHH000204: Processing PersistenceUnitInfo [name: unit1]
Jun 02, 2019 7:23:09 PM org.hibernate.engine.jdbc.connections.internal.DriverManagerConnectionProviderImpl configure
WARN: HHH10001002: Using Hibernate built-in connection pool (not for production use!)
Jun 02, 2019 7:23:09 PM org.hibernate.engine.jdbc.connections.internal.DriverManagerConnectionProviderImpl buildCreator
INFO: HHH10001005: using driver [com.mysql.jdbc.Driver] at URL [jdbc:mysql://localhost:3306/JDBC]
Jun 02, 2019 7:23:09 PM org.hibernate.engine.jdbc.connections.internal.DriverManagerConnectionProviderImpl buildCreator
INFO: HHH10001001: Connection properties: {user=root, password=****}
Jun 02, 2019 7:23:09 PM org.hibernate.engine.jdbc.connections.internal.DriverManagerConnectionProviderImpl buildCreator
INFO: HHH10001003: Autocommit mode: false
Jun 02, 2019 7:23:09 PM org.hibernate.engine.jdbc.connections.internal.DriverManagerConnectionProviderImpl$PooledConnections <init>
INFO: HHH000115: Hibernate connection pool size: 20 (min=1)
Jun 02, 2019 7:23:09 PM org.hibernate.dialect.Dialect <init>
INFO: HHH000400: Using dialect: org.hibernate.dialect.MySQL57Dialect
Jun 02, 2019 7:23:09 PM org.hibernate.mapping.RootClass checkCompositeIdentifier
WARN: HHH000038: Composite-id class does not override equals(): lk.ijse.pos.entity.OrderDetailPK
Jun 02, 2019 7:23:09 PM org.hibernate.mapping.RootClass checkCompositeIdentifier
WARN: HHH000039: Composite-id class does not override hashCode(): lk.ijse.pos.entity.OrderDetailPK
Jun 02, 2019 7:23:09 PM org.hibernate.resource.transaction.backend.jdbc.internal.DdlTransactionIsolatorNonJtaImpl getIsolatedConnection
INFO: HHH10001501: Connection obtained from JdbcConnectionAccess [org.hibernate.engine.jdbc.env.internal.JdbcEnvironmentInitiator$ConnectionProviderJdbcConnectionAccess@532001e7] for (non-JTA) DDL execution was not in auto-commit mode; the Connection 'local transaction' will be committed and the Connection will be set into auto-commit mode.
Jun 02, 2019 7:23:09 PM org.hibernate.engine.transaction.jta.platform.internal.JtaPlatformInitiator initiateService
INFO: HHH000490: Using JtaPlatform implementation: [org.hibernate.engine.transaction.jta.platform.internal.NoJtaPlatform]
Jun 02, 2019 7:23:10 PM org.hibernate.jpa.internal.util.LogHelper logPersistenceUnitInformation
INFO: HHH000204: Processing PersistenceUnitInfo [name: unit1]
Jun 02, 2019 7:23:10 PM org.hibernate.engine.jdbc.connections.internal.DriverManagerConnectionProviderImpl configure
WARN: HHH10001002: Using Hibernate built-in connection pool (not for production use!)
Jun 02, 2019 7:23:10 PM org.hibernate.engine.jdbc.connections.internal.DriverManagerConnectionProviderImpl buildCreator
INFO: HHH10001005: using driver [com.mysql.jdbc.Driver] at URL [jdbc:mysql://localhost:3306/JDBC]
Jun 02, 2019 7:23:10 PM org.hibernate.engine.jdbc.connections.internal.DriverManagerConnectionProviderImpl buildCreator
INFO: HHH10001001: Connection properties: {user=root, password=****}
Jun 02, 2019 7:23:10 PM org.hibernate.engine.jdbc.connections.internal.DriverManagerConnectionProviderImpl buildCreator
INFO: HHH10001003: Autocommit mode: false
Jun 02, 2019 7:23:10 PM org.hibernate.engine.jdbc.connections.internal.DriverManagerConnectionProviderImpl$PooledConnections <init>
INFO: HHH000115: Hibernate connection pool size: 20 (min=1)
Jun 02, 2019 7:23:10 PM org.hibernate.dialect.Dialect <init>
INFO: HHH000400: Using dialect: org.hibernate.dialect.MySQL57Dialect
Jun 02, 2019 7:23:10 PM org.hibernate.mapping.RootClass checkCompositeIdentifier
WARN: HHH000038: Composite-id class does not override equals(): lk.ijse.pos.entity.OrderDetailPK
Jun 02, 2019 7:23:10 PM org.hibernate.mapping.RootClass checkCompositeIdentifier
WARN: HHH000039: Composite-id class does not override hashCode(): lk.ijse.pos.entity.OrderDetailPK
Jun 02, 2019 7:23:10 PM org.hibernate.resource.transaction.backend.jdbc.internal.DdlTransactionIsolatorNonJtaImpl getIsolatedConnection
INFO: HHH10001501: Connection obtained from JdbcConnectionAccess [org.hibernate.engine.jdbc.env.internal.JdbcEnvironmentInitiator$ConnectionProviderJdbcConnectionAccess@ee24752] for (non-JTA) DDL execution was not in auto-commit mode; the Connection 'local transaction' will be committed and the Connection will be set into auto-commit mode.
Jun 02, 2019 7:23:10 PM org.hibernate.engine.transaction.jta.platform.internal.JtaPlatformInitiator initiateService
INFO: HHH000490: Using JtaPlatform implementation: [org.hibernate.engine.transaction.jta.platform.internal.NoJtaPlatform]
Jun 02, 2019 7:23:10 PM org.hibernate.jpa.internal.util.LogHelper logPersistenceUnitInformation
INFO: HHH000204: Processing PersistenceUnitInfo [name: unit1]
Jun 02, 2019 7:23:10 PM org.hibernate.engine.jdbc.connections.internal.DriverManagerConnectionProviderImpl configure
WARN: HHH10001002: Using Hibernate built-in connection pool (not for production use!)
Jun 02, 2019 7:23:10 PM org.hibernate.engine.jdbc.connections.internal.DriverManagerConnectionProviderImpl buildCreator
INFO: HHH10001005: using driver [com.mysql.jdbc.Driver] at URL [jdbc:mysql://localhost:3306/JDBC]
Jun 02, 2019 7:23:10 PM org.hibernate.engine.jdbc.connections.internal.DriverManagerConnectionProviderImpl buildCreator
INFO: HHH10001001: Connection properties: {user=root, password=****}
Jun 02, 2019 7:23:10 PM org.hibernate.engine.jdbc.connections.internal.DriverManagerConnectionProviderImpl buildCreator
INFO: HHH10001003: Autocommit mode: false
Jun 02, 2019 7:23:10 PM org.hibernate.engine.jdbc.connections.internal.DriverManagerConnectionProviderImpl$PooledConnections <init>
INFO: HHH000115: Hibernate connection pool size: 20 (min=1)
Jun 02, 2019 7:23:10 PM org.hibernate.dialect.Dialect <init>
INFO: HHH000400: Using dialect: org.hibernate.dialect.MySQL57Dialect
Jun 02, 2019 7:23:10 PM org.hibernate.mapping.RootClass checkCompositeIdentifier
WARN: HHH000038: Composite-id class does not override equals(): lk.ijse.pos.entity.OrderDetailPK
Jun 02, 2019 7:23:10 PM org.hibernate.mapping.RootClass checkCompositeIdentifier
WARN: HHH000039: Composite-id class does not override hashCode(): lk.ijse.pos.entity.OrderDetailPK
Jun 02, 2019 7:23:10 PM org.hibernate.resource.transaction.backend.jdbc.internal.DdlTransactionIsolatorNonJtaImpl getIsolatedConnection
INFO: HHH10001501: Connection obtained from JdbcConnectionAccess [org.hibernate.engine.jdbc.env.internal.JdbcEnvironmentInitiator$ConnectionProviderJdbcConnectionAccess@6b4f6348] for (non-JTA) DDL execution was not in auto-commit mode; the Connection 'local transaction' will be committed and the Connection will be set into auto-commit mode.
Jun 02, 2019 7:23:10 PM org.hibernate.engine.transaction.jta.platform.internal.JtaPlatformInitiator initiateService
INFO: HHH000490: Using JtaPlatform implementation: [org.hibernate.engine.transaction.jta.platform.internal.NoJtaPlatform]
Jun 02, 2019 7:23:10 PM org.hibernate.jpa.internal.util.LogHelper logPersistenceUnitInformation
INFO: HHH000204: Processing PersistenceUnitInfo [name: unit1]
Jun 02, 2019 7:23:10 PM org.hibernate.engine.jdbc.connections.internal.DriverManagerConnectionProviderImpl configure
WARN: HHH10001002: Using Hibernate built-in connection pool (not for production use!)
Jun 02, 2019 7:23:10 PM org.hibernate.engine.jdbc.connections.internal.DriverManagerConnectionProviderImpl buildCreator
INFO: HHH10001005: using driver [com.mysql.jdbc.Driver] at URL [jdbc:mysql://localhost:3306/JDBC]
Jun 02, 2019 7:23:10 PM org.hibernate.engine.jdbc.connections.internal.DriverManagerConnectionProviderImpl buildCreator
INFO: HHH10001001: Connection properties: {user=root, password=****}
Jun 02, 2019 7:23:10 PM org.hibernate.engine.jdbc.connections.internal.DriverManagerConnectionProviderImpl buildCreator
INFO: HHH10001003: Autocommit mode: false
Jun 02, 2019 7:23:10 PM org.hibernate.engine.jdbc.connections.internal.DriverManagerConnectionProviderImpl$PooledConnections <init>
INFO: HHH000115: Hibernate connection pool size: 20 (min=1)
Jun 02, 2019 7:23:10 PM org.hibernate.dialect.Dialect <init>
INFO: HHH000400: Using dialect: org.hibernate.dialect.MySQL57Dialect
Jun 02, 2019 7:23:10 PM org.hibernate.mapping.RootClass checkCompositeIdentifier
WARN: HHH000038: Composite-id class does not override equals(): lk.ijse.pos.entity.OrderDetailPK
Jun 02, 2019 7:23:10 PM org.hibernate.mapping.RootClass checkCompositeIdentifier
WARN: HHH000039: Composite-id class does not override hashCode(): lk.ijse.pos.entity.OrderDetailPK
Jun 02, 2019 7:23:10 PM org.hibernate.resource.transaction.backend.jdbc.internal.DdlTransactionIsolatorNonJtaImpl getIsolatedConnection
INFO: HHH10001501: Connection obtained from JdbcConnectionAccess [org.hibernate.engine.jdbc.env.internal.JdbcEnvironmentInitiator$ConnectionProviderJdbcConnectionAccess@71fad480] for (non-JTA) DDL execution was not in auto-commit mode; the Connection 'local transaction' will be committed and the Connection will be set into auto-commit mode.
Jun 02, 2019 7:23:10 PM org.hibernate.engine.transaction.jta.platform.internal.JtaPlatformInitiator initiateService
INFO: HHH000490: Using JtaPlatform implementation: [org.hibernate.engine.transaction.jta.platform.internal.NoJtaPlatform]
Jun 03, 2019 3:23:00 PM org.hibernate.jpa.internal.util.LogHelper logPersistenceUnitInformation
INFO: HHH000204: Processing PersistenceUnitInfo [name: unit1]
Jun 03, 2019 3:23:01 PM org.hibernate.Version logVersion
INFO: HHH000412: Hibernate Core {5.4.2.Final}
Jun 03, 2019 3:23:02 PM org.hibernate.annotations.common.reflection.java.JavaReflectionManager <clinit>
INFO: HCANN000001: Hibernate Commons Annotations {5.1.0.Final}
Jun 03, 2019 3:23:03 PM org.hibernate.engine.jdbc.connections.internal.DriverManagerConnectionProviderImpl configure
WARN: HHH10001002: Using Hibernate built-in connection pool (not for production use!)
Jun 03, 2019 3:23:03 PM org.hibernate.engine.jdbc.connections.internal.DriverManagerConnectionProviderImpl buildCreator
INFO: HHH10001005: using driver [com.mysql.jdbc.Driver] at URL [jdbc:mysql://localhost:3306/JDBC]
Jun 03, 2019 3:23:03 PM org.hibernate.engine.jdbc.connections.internal.DriverManagerConnectionProviderImpl buildCreator
INFO: HHH10001001: Connection properties: {user=root, password=****}
Jun 03, 2019 3:23:03 PM org.hibernate.engine.jdbc.connections.internal.DriverManagerConnectionProviderImpl buildCreator
INFO: HHH10001003: Autocommit mode: false
Jun 03, 2019 3:23:03 PM org.hibernate.engine.jdbc.connections.internal.DriverManagerConnectionProviderImpl$PooledConnections <init>
INFO: HHH000115: Hibernate connection pool size: 20 (min=1)
Jun 03, 2019 3:23:03 PM org.hibernate.dialect.Dialect <init>
INFO: HHH000400: Using dialect: org.hibernate.dialect.MySQL57Dialect
Jun 03, 2019 3:23:04 PM org.hibernate.mapping.RootClass checkCompositeIdentifier
WARN: HHH000038: Composite-id class does not override equals(): lk.ijse.pos.entity.OrderDetailPK
Jun 03, 2019 3:23:04 PM org.hibernate.mapping.RootClass checkCompositeIdentifier
WARN: HHH000039: Composite-id class does not override hashCode(): lk.ijse.pos.entity.OrderDetailPK
Jun 03, 2019 3:23:06 PM org.hibernate.resource.transaction.backend.jdbc.internal.DdlTransactionIsolatorNonJtaImpl getIsolatedConnection
INFO: HHH10001501: Connection obtained from JdbcConnectionAccess [org.hibernate.engine.jdbc.env.internal.JdbcEnvironmentInitiator$ConnectionProviderJdbcConnectionAccess@383c4383] for (non-JTA) DDL execution was not in auto-commit mode; the Connection 'local transaction' will be committed and the Connection will be set into auto-commit mode.
Jun 03, 2019 3:23:06 PM org.hibernate.engine.transaction.jta.platform.internal.JtaPlatformInitiator initiateService
INFO: HHH000490: Using JtaPlatform implementation: [org.hibernate.engine.transaction.jta.platform.internal.NoJtaPlatform]
Jun 03, 2019 3:23:11 PM org.hibernate.jpa.internal.util.LogHelper logPersistenceUnitInformation
INFO: HHH000204: Processing PersistenceUnitInfo [name: unit1]
Jun 03, 2019 3:23:11 PM org.hibernate.engine.jdbc.connections.internal.DriverManagerConnectionProviderImpl configure
WARN: HHH10001002: Using Hibernate built-in connection pool (not for production use!)
Jun 03, 2019 3:23:11 PM org.hibernate.engine.jdbc.connections.internal.DriverManagerConnectionProviderImpl buildCreator
INFO: HHH10001005: using driver [com.mysql.jdbc.Driver] at URL [jdbc:mysql://localhost:3306/JDBC]
Jun 03, 2019 3:23:11 PM org.hibernate.engine.jdbc.connections.internal.DriverManagerConnectionProviderImpl buildCreator
INFO: HHH10001001: Connection properties: {user=root, password=****}
Jun 03, 2019 3:23:11 PM org.hibernate.engine.jdbc.connections.internal.DriverManagerConnectionProviderImpl buildCreator
INFO: HHH10001003: Autocommit mode: false
Jun 03, 2019 3:23:11 PM org.hibernate.engine.jdbc.connections.internal.DriverManagerConnectionProviderImpl$PooledConnections <init>
INFO: HHH000115: Hibernate connection pool size: 20 (min=1)
Jun 03, 2019 3:23:11 PM org.hibernate.dialect.Dialect <init>
INFO: HHH000400: Using dialect: org.hibernate.dialect.MySQL57Dialect
Jun 03, 2019 3:23:11 PM org.hibernate.mapping.RootClass checkCompositeIdentifier
WARN: HHH000038: Composite-id class does not override equals(): lk.ijse.pos.entity.OrderDetailPK
Jun 03, 2019 3:23:11 PM org.hibernate.mapping.RootClass checkCompositeIdentifier
WARN: HHH000039: Composite-id class does not override hashCode(): lk.ijse.pos.entity.OrderDetailPK
Jun 03, 2019 3:23:11 PM org.hibernate.resource.transaction.backend.jdbc.internal.DdlTransactionIsolatorNonJtaImpl getIsolatedConnection
INFO: HHH10001501: Connection obtained from JdbcConnectionAccess [org.hibernate.engine.jdbc.env.internal.JdbcEnvironmentInitiator$ConnectionProviderJdbcConnectionAccess@231a0ed7] for (non-JTA) DDL execution was not in auto-commit mode; the Connection 'local transaction' will be committed and the Connection will be set into auto-commit mode.
Jun 03, 2019 3:23:11 PM org.hibernate.engine.transaction.jta.platform.internal.JtaPlatformInitiator initiateService
INFO: HHH000490: Using JtaPlatform implementation: [org.hibernate.engine.transaction.jta.platform.internal.NoJtaPlatform]
Jun 04, 2019 11:34:11 AM org.springframework.context.support.AbstractApplicationContext refresh
WARNING: Exception encountered during context initialization - cancelling refresh attempt: org.springframework.beans.factory.BeanDefinitionStoreException: Failed to parse configuration class [lk.ijse.pos.main.AppConfig]; nested exception is java.io.FileNotFoundException: $(user.dir)\resources\application.properties (The system cannot find the path specified)
Jun 04, 2019 11:35:29 AM org.springframework.context.support.AbstractApplicationContext refresh
WARNING: Exception encountered during context initialization - cancelling refresh attempt: org.springframework.beans.factory.BeanDefinitionStoreException: Failed to parse configuration class [lk.ijse.pos.main.AppConfig]; nested exception is java.io.FileNotFoundException: $(user.dir)\resources\application.properties (The system cannot find the path specified)
Jun 04, 2019 11:37:02 AM org.hibernate.jpa.internal.util.LogHelper logPersistenceUnitInformation
INFO: HHH000204: Processing PersistenceUnitInfo [name: unit1]
Jun 04, 2019 11:37:02 AM org.hibernate.Version logVersion
INFO: HHH000412: Hibernate Core {5.4.2.Final}
Jun 04, 2019 11:37:02 AM org.hibernate.annotations.common.reflection.java.JavaReflectionManager <clinit>
INFO: HCANN000001: Hibernate Commons Annotations {5.1.0.Final}
Jun 04, 2019 11:37:03 AM org.hibernate.dialect.Dialect <init>
INFO: HHH000400: Using dialect: org.hibernate.dialect.MySQL57Dialect
Jun 04, 2019 11:37:04 AM org.hibernate.mapping.RootClass checkCompositeIdentifier
WARN: HHH000038: Composite-id class does not override equals(): lk.ijse.pos.entity.OrderDetailPK
Jun 04, 2019 11:37:04 AM org.hibernate.mapping.RootClass checkCompositeIdentifier
WARN: HHH000039: Composite-id class does not override hashCode(): lk.ijse.pos.entity.OrderDetailPK
Jun 04, 2019 11:37:05 AM org.hibernate.engine.transaction.jta.platform.internal.JtaPlatformInitiator initiateService
INFO: HHH000490: Using JtaPlatform implementation: [org.hibernate.engine.transaction.jta.platform.internal.NoJtaPlatform]
Jun 04, 2019 11:37:05 AM org.springframework.orm.jpa.AbstractEntityManagerFactoryBean buildNativeEntityManagerFactory
INFO: Initialized JPA EntityManagerFactory for persistence unit 'unit1'
Jun 04, 2019 11:38:20 AM org.springframework.context.support.AbstractApplicationContext refresh
WARNING: Exception encountered during context initialization - cancelling refresh attempt: org.springframework.beans.factory.BeanDefinitionStoreException: Failed to parse configuration class [lk.ijse.pos.main.AppConfig]; nested exception is java.io.FileNotFoundException: $(user.dir)\resources\application.properties (The system cannot find the path specified)
Jun 04, 2019 11:39:07 AM org.hibernate.jpa.internal.util.LogHelper logPersistenceUnitInformation
INFO: HHH000204: Processing PersistenceUnitInfo [name: unit1]
Jun 04, 2019 11:39:07 AM org.hibernate.Version logVersion
INFO: HHH000412: Hibernate Core {5.4.2.Final}
Jun 04, 2019 11:39:07 AM org.hibernate.annotations.common.reflection.java.JavaReflectionManager <clinit>
INFO: HCANN000001: Hibernate Commons Annotations {5.1.0.Final}
Jun 04, 2019 11:39:08 AM org.hibernate.dialect.Dialect <init>
INFO: HHH000400: Using dialect: org.hibernate.dialect.MySQL57Dialect
Jun 04, 2019 11:39:09 AM org.hibernate.mapping.RootClass checkCompositeIdentifier
WARN: HHH000038: Composite-id class does not override equals(): lk.ijse.pos.entity.OrderDetailPK
Jun 04, 2019 11:39:09 AM org.hibernate.mapping.RootClass checkCompositeIdentifier
WARN: HHH000039: Composite-id class does not override hashCode(): lk.ijse.pos.entity.OrderDetailPK
Jun 04, 2019 11:39:10 AM org.hibernate.engine.transaction.jta.platform.internal.JtaPlatformInitiator initiateService
INFO: HHH000490: Using JtaPlatform implementation: [org.hibernate.engine.transaction.jta.platform.internal.NoJtaPlatform]
Jun 04, 2019 11:39:10 AM org.springframework.orm.jpa.AbstractEntityManagerFactoryBean buildNativeEntityManagerFactory
INFO: Initialized JPA EntityManagerFactory for persistence unit 'unit1'
Jun 04, 2019 11:39:26 AM org.hibernate.jpa.internal.util.LogHelper logPersistenceUnitInformation
INFO: HHH000204: Processing PersistenceUnitInfo [name: unit1]
Jun 04, 2019 11:39:26 AM org.hibernate.Version logVersion
INFO: HHH000412: Hibernate Core {5.4.2.Final}
Jun 04, 2019 11:39:26 AM org.hibernate.annotations.common.reflection.java.JavaReflectionManager <clinit>
INFO: HCANN000001: Hibernate Commons Annotations {5.1.0.Final}
Jun 04, 2019 11:39:27 AM org.hibernate.dialect.Dialect <init>
INFO: HHH000400: Using dialect: org.hibernate.dialect.MySQL57Dialect
Jun 04, 2019 11:39:28 AM org.hibernate.mapping.RootClass checkCompositeIdentifier
WARN: HHH000038: Composite-id class does not override equals(): lk.ijse.pos.entity.OrderDetailPK
Jun 04, 2019 11:39:28 AM org.hibernate.mapping.RootClass checkCompositeIdentifier
WARN: HHH000039: Composite-id class does not override hashCode(): lk.ijse.pos.entity.OrderDetailPK
Jun 04, 2019 11:39:29 AM org.hibernate.engine.transaction.jta.platform.internal.JtaPlatformInitiator initiateService
INFO: HHH000490: Using JtaPlatform implementation: [org.hibernate.engine.transaction.jta.platform.internal.NoJtaPlatform]
Jun 04, 2019 11:39:29 AM org.springframework.orm.jpa.AbstractEntityManagerFactoryBean buildNativeEntityManagerFactory
INFO: Initialized JPA EntityManagerFactory for persistence unit 'unit1'
